<?xml version="1.0" encoding="UTF-8"?>
<!-- Generated by org.testng.reporters.JUnitXMLReporter -->
<testsuite ignored="0" hostname="MacBooks-MacBook-Pro.local" failures="3" tests="4" name="Surefire test" time="17.735" errors="0" timestamp="2025-05-21T13:28:36 IST">
  <testcase classname="test.AddEmployeeTest" name="addEmployeeTest" time="6.804">
    <failure type="java.lang.AssertionError" message="Employee was not added! expected [true] but found [false]">
      <![CDATA[java.lang.AssertionError: Employee was not added! expected [true] but found [false]
at test.AddEmployeeTest.addEmployeeTest(AddEmployeeTest.java:24)
at java.base/java.util.ArrayList.forEach(ArrayList.java:1596)
... Removed 33 stack frames]]>
    </failure>
  </testcase> <!-- addEmployeeTest -->
  <testcase classname="apiTest.ReqresApiTest" name="testCreateUser" time="1.838">
    <failure type="java.lang.AssertionError" message="expected [201] but found [401]">
      <![CDATA[java.lang.AssertionError: expected [201] but found [401]
at apiTest.ReqresApiTest.testCreateUser(ReqresApiTest.java:25)
at java.base/java.util.ArrayList.forEach(ArrayList.java:1596)
... Removed 37 stack frames]]>
    </failure>
  </testcase> <!-- testCreateUser -->
  <testcase classname="apiTest.ReqresApiTest" name="testDeleteUser" time="0.377">
    <failure type="java.lang.AssertionError" message="expected [204] but found [401]">
      <![CDATA[java.lang.AssertionError: expected [204] but found [401]
at apiTest.ReqresApiTest.testDeleteUser(ReqresApiTest.java:32)
at java.base/java.util.ArrayList.forEach(ArrayList.java:1596)
... Removed 37 stack frames]]>
    </failure>
  </testcase> <!-- testDeleteUser -->
  <testcase classname="apiTest.ReqresApiTest" name="testGetUsers" time="0.663"/>
</testsuite> <!-- Surefire test -->
